0 info it worked if it ends with ok
1 verbose cli [ '/usr/bin/nodejs', '/usr/bin/npm', 'run', 'server' ]
2 info using npm@3.5.2
3 info using node@v4.2.6
4 verbose run-script [ 'preserver', 'server', 'postserver' ]
5 info lifecycle vicage@1.0.0~preserver: vicage@1.0.0
6 silly lifecycle vicage@1.0.0~preserver: no script for preserver, continuing
7 info lifecycle vicage@1.0.0~server: vicage@1.0.0
8 verbose lifecycle vicage@1.0.0~server: unsafe-perm in lifecycle true
9 verbose lifecycle vicage@1.0.0~server: PATH: /usr/share/npm/bin/node-gyp-bin:/home/wysdom/VicAge/node_modules/.bin:/home/wysdom/bin:/home/wysdom/.local/bin:/usr/local/sbin:/usr/local/bin:/usr/sbin:/usr/bin:/sbin:/bin:/usr/games:/usr/local/games:/snap/bin
10 verbose lifecycle vicage@1.0.0~server: CWD: /home/wysdom/VicAge
11 silly lifecycle vicage@1.0.0~server: Args: [ '-c', 'nodemon server.js' ]
12 info lifecycle vicage@1.0.0~server: Failed to exec server script
13 verbose stack Error: vicage@1.0.0 server: `nodemon server.js`
13 verbose stack spawn ENOENT
13 verbose stack     at ChildProcess.<anonymous> (/usr/share/npm/lib/utils/spawn.js:17:16)
13 verbose stack     at emitTwo (events.js:87:13)
13 verbose stack     at ChildProcess.emit (events.js:172:7)
13 verbose stack     at maybeClose (internal/child_process.js:821:16)
13 verbose stack     at Process.ChildProcess._handle.onexit (internal/child_process.js:211:5)
14 verbose pkgid vicage@1.0.0
15 verbose cwd /home/wysdom/VicAge
16 error Linux 4.13.0-1011-azure
17 error argv "/usr/bin/nodejs" "/usr/bin/npm" "run" "server"
18 error node v4.2.6
19 error npm  v3.5.2
20 error file sh
21 error code ELIFECYCLE
22 error errno ENOENT
23 error syscall spawn
24 error vicage@1.0.0 server: `nodemon server.js`
24 error spawn ENOENT
25 error Failed at the vicage@1.0.0 server script 'nodemon server.js'.
25 error Make sure you have the latest version of node.js and npm installed.
25 error If you do, this is most likely a problem with the vicage package,
25 error not with npm itself.
25 error Tell the author that this fails on your system:
25 error     nodemon server.js
25 error You can get information on how to open an issue for this project with:
25 error     npm bugs vicage
25 error Or if that isn't available, you can get their info via:
25 error     npm owner ls vicage
25 error There is likely additional logging output above.
26 verbose exit [ 1, true ]
